<?xml version="1.0" encoding="UTF-8"?>
<testsuite xmlns:xsi="http://www.w3.org/2001/XMLSchema-instance" xsi:noNamespaceSchemaLocation="https://maven.apache.org/surefire/maven-surefire-plugin/xsd/surefire-test-report-3.0.xsd" version="3.0" name="com.example.legacyshop.integration.OrderIntegrationTest" time="3.083" tests="4" errors="0" skipped="0" failures="0">
  <properties>
[...]
</properties>
  <testcase name="orderPlacementPipeline_IdempotencyKey_PreventsDuplicate" classname="com.example.legacyshop.integration.OrderIntegrationTest" time="0.433">
    <system-out><![CDATA[14:20:13.923 [main] INFO org.springframework.test.context.support.AnnotationConfigContextLoaderUtils -- Could not detect default configuration classes for test class [com.example.legacyshop.integration.OrderIntegrationTest]: OrderIntegrationTest does not declare any static, non-private, non-final, nested classes annotated with @Configuration.
14:20:13.975 [main] INFO org.springframework.boot.test.context.SpringBootTestContextBootstrapper -- Found @SpringBootConfiguration com.example.legacyshop.LegacyShopApplication for test class com.example.legacyshop.integration.OrderIntegrationTest
14:20:14.045 [main] INFO org.springframework.boot.devtools.restart.RestartApplicationListener -- Restart disabled due to context in which it is running

  .   ____          _            __ _ _
 /\\ / ___'_ __ _ _(_)_ __  __ _ \ \ \ \
( ( )\___ | '_ | '_| | '_ \/ _` | \ \ \ \
 \\/  ___)| |_)| | | | | || (_| |  ) ) ) )
  '  |____| .__|_| |_|_| |_\__, | / / / /
 =========|_|==============|___/=/_/_/_/
 :: Spring Boot ::                (v3.2.0)

2025-09-05T14:20:14.181-04:00  INFO 45947 --- [           main] c.e.l.integration.OrderIntegrationTest   : Starting OrderIntegrationTest using Java 17.0.16 with PID 45947 (started by johnives in /Users/johnives/Documents/CoreStorySamples/java/legacyshop)
2025-09-05T14:20:14.181-04:00 DEBUG 45947 --- [           main] c.e.l.integration.OrderIntegrationTest   : Running with Spring Boot v3.2.0, Spring v6.1.1
2025-09-05T14:20:14.182-04:00  INFO 45947 --- [           main] c.e.l.integration.OrderIntegrationTest   : The following 1 profile is active: "test"
2025-09-05T14:20:14.506-04:00  INFO 45947 --- [           main] .s.d.r.c.RepositoryConfigurationDelegate : Bootstrapping Spring Data JPA repositories in DEFAULT mode.
2025-09-05T14:20:14.576-04:00  INFO 45947 --- [           main] .s.d.r.c.RepositoryConfigurationDelegate : Finished Spring Data repository scanning in 67 ms. Found 6 JPA repository interfaces.
2025-09-05T14:20:14.756-04:00  INFO 45947 --- [           main] com.zaxxer.hikari.HikariDataSource       : HikariPool-1 - Starting...
2025-09-05T14:20:14.850-04:00  INFO 45947 --- [           main] com.zaxxer.hikari.pool.HikariPool        : HikariPool-1 - Added connection conn0: url=jdbc:h2:mem:testdb user=SA
2025-09-05T14:20:14.851-04:00  INFO 45947 --- [           main] com.zaxxer.hikari.HikariDataSource       : HikariPool-1 - Start completed.
2025-09-05T14:20:14.932-04:00  INFO 45947 --- [           main] o.hibernate.jpa.internal.util.LogHelper  : HHH000204: Processing PersistenceUnitInfo [name: default]
2025-09-05T14:20:14.959-04:00  INFO 45947 --- [           main] org.hibernate.Version                    : HHH000412: Hibernate ORM core version 6.3.1.Final
2025-09-05T14:20:14.975-04:00  INFO 45947 --- [           main] o.h.c.internal.RegionFactoryInitiator    : HHH000026: Second-level cache disabled
2025-09-05T14:20:15.077-04:00  INFO 45947 --- [           main] o.s.o.j.p.SpringPersistenceUnitInfo      : No LoadTimeWeaver setup: ignoring JPA class transformer
2025-09-05T14:20:15.561-04:00  INFO 45947 --- [           main] o.h.e.t.j.p.i.JtaPlatformInitiator       : HHH000489: No JTA platform available (set 'hibernate.transaction.jta.platform' to enable JTA platform integration)
2025-09-05T14:20:15.562-04:00  INFO 45947 --- [           main] j.LocalContainerEntityManagerFactoryBean : Initialized JPA EntityManagerFactory for persistence unit 'default'
2025-09-05T14:20:15.719-04:00  INFO 45947 --- [           main] o.s.d.j.r.query.QueryEnhancerFactory     : Hibernate is in classpath; If applicable, HQL parser will be used.
2025-09-05T14:20:16.379-04:00  INFO 45947 --- [           main] o.s.b.a.h2.H2ConsoleAutoConfiguration    : H2 console available at '/h2-console'. Database available at 'jdbc:h2:mem:testdb'
2025-09-05T14:20:16.418-04:00  INFO 45947 --- [           main] c.e.l.integration.OrderIntegrationTest   : Started OrderIntegrationTest in 2.378 seconds (process running for 2.85)
2025-09-05T14:20:16.736-04:00 DEBUG 45947 --- [           main] org.hibernate.SQL                        : select p1_0.id,p1_0.active,p1_0.created_at,p1_0.description,p1_0.name,p1_0.price,p1_0.sku,p1_0.stock_quantity,p1_0.updated_at,p1_0.version from products p1_0 where p1_0.sku=?
Hibernate: select p1_0.id,p1_0.active,p1_0.created_at,p1_0.description,p1_0.name,p1_0.price,p1_0.sku,p1_0.stock_quantity,p1_0.updated_at,p1_0.version from products p1_0 where p1_0.sku=?
2025-09-05T14:20:16.749-04:00 DEBUG 45947 --- [           main] org.hibernate.SQL                        : select p1_0.id from products p1_0 where p1_0.sku=? fetch first ? rows only
Hibernate: select p1_0.id from products p1_0 where p1_0.sku=? fetch first ? rows only
2025-09-05T14:20:16.781-04:00 DEBUG 45947 --- [           main] org.hibernate.SQL                        : insert into products (active,created_at,description,name,price,sku,stock_quantity,updated_at,version,id) values (?,?,?,?,?,?,?,?,?,default)
Hibernate: insert into products (active,created_at,description,name,price,sku,stock_quantity,updated_at,version,id) values (?,?,?,?,?,?,?,?,?,default)
2025-09-05T14:20:16.787-04:00 DEBUG 45947 --- [           main] org.hibernate.SQL                        : insert into audit_logs (details,entity_id,entity_type,operation,timestamp,id) values (?,?,?,?,?,default)
Hibernate: insert into audit_logs (details,entity_id,entity_type,operation,timestamp,id) values (?,?,?,?,?,default)
2025-09-05T14:20:16.795-04:00 DEBUG 45947 --- [           main] org.hibernate.SQL                        : select oe1_0.id,oe1_0.created_at,oe1_0.customer_id,oe1_0.discount_amount,oe1_0.idempotency_key,oe1_0.status,oe1_0.subtotal,oe1_0.total,oe1_0.updated_at,oe1_0.version from orders oe1_0 where oe1_0.idempotency_key=?
Hibernate: select oe1_0.id,oe1_0.created_at,oe1_0.customer_id,oe1_0.discount_amount,oe1_0.idempotency_key,oe1_0.status,oe1_0.subtotal,oe1_0.total,oe1_0.updated_at,oe1_0.version from orders oe1_0 where oe1_0.idempotency_key=?
2025-09-05T14:20:16.796-04:00 DEBUG 45947 --- [           main] org.hibernate.SQL                        : select c1_0.id,c1_0.created_at,c1_0.email,c1_0.first_name,c1_0.last_name,c1_0.loyalty_points,c1_0.updated_at,c1_0.version from customers c1_0 where c1_0.email=?
Hibernate: select c1_0.id,c1_0.created_at,c1_0.email,c1_0.first_name,c1_0.last_name,c1_0.loyalty_points,c1_0.updated_at,c1_0.version from customers c1_0 where c1_0.email=?
2025-09-05T14:20:16.805-04:00 DEBUG 45947 --- [           main] org.hibernate.SQL                        : insert into customers (created_at,email,first_name,last_name,loyalty_points,updated_at,version,id) values (?,?,?,?,?,?,?,default)
Hibernate: insert into customers (created_at,email,first_name,last_name,loyalty_points,updated_at,version,id) values (?,?,?,?,?,?,?,default)
2025-09-05T14:20:16.807-04:00 DEBUG 45947 --- [           main] org.hibernate.SQL                        : select p1_0.id,p1_0.active,p1_0.created_at,p1_0.description,p1_0.name,p1_0.price,p1_0.sku,p1_0.stock_quantity,p1_0.updated_at,p1_0.version from products p1_0 where p1_0.sku=?
Hibernate: select p1_0.id,p1_0.active,p1_0.created_at,p1_0.description,p1_0.name,p1_0.price,p1_0.sku,p1_0.stock_quantity,p1_0.updated_at,p1_0.version from products p1_0 where p1_0.sku=?
2025-09-05T14:20:16.817-04:00 DEBUG 45947 --- [           main] org.hibernate.SQL                        : insert into orders (created_at,customer_id,discount_amount,idempotency_key,status,subtotal,total,updated_at,version,id) values (?,?,?,?,?,?,?,?,?,default)
Hibernate: insert into orders (created_at,customer_id,discount_amount,idempotency_key,status,subtotal,total,updated_at,version,id) values (?,?,?,?,?,?,?,?,?,default)
2025-09-05T14:20:16.821-04:00 DEBUG 45947 --- [           main] org.hibernate.SQL                        : insert into order_items (created_at,order_id,product_id,product_name,product_sku,quantity,subtotal,unit_price,version,id) values (?,?,?,?,?,?,?,?,?,default)
Hibernate: insert into order_items (created_at,order_id,product_id,product_name,product_sku,quantity,subtotal,unit_price,version,id) values (?,?,?,?,?,?,?,?,?,default)
2025-09-05T14:20:16.823-04:00 DEBUG 45947 --- [           main] org.hibernate.SQL                        : insert into idempotency_records (created_at,idempotency_key,operation_type,result_data,result_entity_id,id) values (?,?,?,?,?,default)
Hibernate: insert into idempotency_records (created_at,idempotency_key,operation_type,result_data,result_entity_id,id) values (?,?,?,?,?,default)
2025-09-05T14:20:16.824-04:00 DEBUG 45947 --- [           main] org.hibernate.SQL                        : insert into audit_logs (details,entity_id,entity_type,operation,timestamp,id) values (?,?,?,?,?,default)
Hibernate: insert into audit_logs (details,entity_id,entity_type,operation,timestamp,id) values (?,?,?,?,?,default)
2025-09-05T14:20:16.828-04:00 DEBUG 45947 --- [           main] org.hibernate.SQL                        : select oe1_0.id,oe1_0.created_at,oe1_0.customer_id,oe1_0.discount_amount,oe1_0.idempotency_key,oe1_0.status,oe1_0.subtotal,oe1_0.total,oe1_0.updated_at,oe1_0.version from orders oe1_0 where oe1_0.idempotency_key=?
Hibernate: select oe1_0.id,oe1_0.created_at,oe1_0.customer_id,oe1_0.discount_amount,oe1_0.idempotency_key,oe1_0.status,oe1_0.subtotal,oe1_0.total,oe1_0.updated_at,oe1_0.version from orders oe1_0 where oe1_0.idempotency_key=?
2025-09-05T14:20:16.837-04:00 DEBUG 45947 --- [           main] org.hibernate.SQL                        : select oe1_0.id,oe1_0.created_at,oe1_0.customer_id,oe1_0.discount_amount,oe1_0.idempotency_key,oe1_0.status,oe1_0.subtotal,oe1_0.total,oe1_0.updated_at,oe1_0.version from orders oe1_0
Hibernate: select oe1_0.id,oe1_0.created_at,oe1_0.customer_id,oe1_0.discount_amount,oe1_0.idempotency_key,oe1_0.status,oe1_0.subtotal,oe1_0.total,oe1_0.updated_at,oe1_0.version from orders oe1_0
2025-09-05T14:20:16.842-04:00 DEBUG 45947 --- [           main] org.hibernate.SQL                        : select p1_0.id,p1_0.amount,p1_0.created_at,p1_0.error_message,p1_0.external_authorization_id,p1_0.order_id,p1_0.retry_attempts,p1_0.status,p1_0.updated_at,p1_0.version from payments p1_0 where p1_0.order_id=?
Hibernate: select p1_0.id,p1_0.amount,p1_0.created_at,p1_0.error_message,p1_0.external_authorization_id,p1_0.order_id,p1_0.retry_attempts,p1_0.status,p1_0.updated_at,p1_0.version from payments p1_0 where p1_0.order_id=?
2025-09-05T14:20:16.844-04:00 DEBUG 45947 --- [           main] org.hibernate.SQL                        : select p1_0.id,p1_0.amount,p1_0.created_at,p1_0.error_message,p1_0.external_authorization_id,p1_0.order_id,p1_0.retry_attempts,p1_0.status,p1_0.updated_at,p1_0.version from payments p1_0 where p1_0.order_id=?
Hibernate: select p1_0.id,p1_0.amount,p1_0.created_at,p1_0.error_message,p1_0.external_authorization_id,p1_0.order_id,p1_0.retry_attempts,p1_0.status,p1_0.updated_at,p1_0.version from payments p1_0 where p1_0.order_id=?
2025-09-05T14:20:16.845-04:00 DEBUG 45947 --- [           main] org.hibernate.SQL                        : select p1_0.id,p1_0.amount,p1_0.created_at,p1_0.error_message,p1_0.external_authorization_id,p1_0.order_id,p1_0.retry_attempts,p1_0.status,p1_0.updated_at,p1_0.version from payments p1_0 where p1_0.order_id=?
Hibernate: select p1_0.id,p1_0.amount,p1_0.created_at,p1_0.error_message,p1_0.external_authorization_id,p1_0.order_id,p1_0.retry_attempts,p1_0.status,p1_0.updated_at,p1_0.version from payments p1_0 where p1_0.order_id=?
2025-09-05T14:20:16.845-04:00 DEBUG 45947 --- [           main] org.hibernate.SQL                        : select p1_0.id,p1_0.amount,p1_0.created_at,p1_0.error_message,p1_0.external_authorization_id,p1_0.order_id,p1_0.retry_attempts,p1_0.status,p1_0.updated_at,p1_0.version from payments p1_0 where p1_0.order_id=?
Hibernate: select p1_0.id,p1_0.amount,p1_0.created_at,p1_0.error_message,p1_0.external_authorization_id,p1_0.order_id,p1_0.retry_attempts,p1_0.status,p1_0.updated_at,p1_0.version from payments p1_0 where p1_0.order_id=?
2025-09-05T14:20:16.846-04:00 DEBUG 45947 --- [           main] org.hibernate.SQL                        : select p1_0.id,p1_0.amount,p1_0.created_at,p1_0.error_message,p1_0.external_authorization_id,p1_0.order_id,p1_0.retry_attempts,p1_0.status,p1_0.updated_at,p1_0.version from payments p1_0 where p1_0.order_id=?
Hibernate: select p1_0.id,p1_0.amount,p1_0.created_at,p1_0.error_message,p1_0.external_authorization_id,p1_0.order_id,p1_0.retry_attempts,p1_0.status,p1_0.updated_at,p1_0.version from payments p1_0 where p1_0.order_id=?
2025-09-05T14:20:16.846-04:00 DEBUG 45947 --- [           main] org.hibernate.SQL                        : select p1_0.id,p1_0.amount,p1_0.created_at,p1_0.error_message,p1_0.external_authorization_id,p1_0.order_id,p1_0.retry_attempts,p1_0.status,p1_0.updated_at,p1_0.version from payments p1_0 where p1_0.order_id=?
Hibernate: select p1_0.id,p1_0.amount,p1_0.created_at,p1_0.error_message,p1_0.external_authorization_id,p1_0.order_id,p1_0.retry_attempts,p1_0.status,p1_0.updated_at,p1_0.version from payments p1_0 where p1_0.order_id=?
2025-09-05T14:20:16.847-04:00 DEBUG 45947 --- [           main] org.hibernate.SQL                        : select p1_0.id,p1_0.amount,p1_0.created_at,p1_0.error_message,p1_0.external_authorization_id,p1_0.order_id,p1_0.retry_attempts,p1_0.status,p1_0.updated_at,p1_0.version from payments p1_0 where p1_0.order_id=?
Hibernate: select p1_0.id,p1_0.amount,p1_0.created_at,p1_0.error_message,p1_0.external_authorization_id,p1_0.order_id,p1_0.retry_attempts,p1_0.status,p1_0.updated_at,p1_0.version from payments p1_0 where p1_0.order_id=?
2025-09-05T14:20:16.848-04:00 DEBUG 45947 --- [           main] org.hibernate.SQL                        : select p1_0.id,p1_0.amount,p1_0.created_at,p1_0.error_message,p1_0.external_authorization_id,p1_0.order_id,p1_0.retry_attempts,p1_0.status,p1_0.updated_at,p1_0.version from payments p1_0 where p1_0.order_id=?
Hibernate: select p1_0.id,p1_0.amount,p1_0.created_at,p1_0.error_message,p1_0.external_authorization_id,p1_0.order_id,p1_0.retry_attempts,p1_0.status,p1_0.updated_at,p1_0.version from payments p1_0 where p1_0.order_id=?
2025-09-05T14:20:16.848-04:00 DEBUG 45947 --- [           main] org.hibernate.SQL                        : select p1_0.id,p1_0.amount,p1_0.created_at,p1_0.error_message,p1_0.external_authorization_id,p1_0.order_id,p1_0.retry_attempts,p1_0.status,p1_0.updated_at,p1_0.version from payments p1_0 where p1_0.order_id=?
Hibernate: select p1_0.id,p1_0.amount,p1_0.created_at,p1_0.error_message,p1_0.external_authorization_id,p1_0.order_id,p1_0.retry_attempts,p1_0.status,p1_0.updated_at,p1_0.version from payments p1_0 where p1_0.order_id=?
2025-09-05T14:20:16.849-04:00 DEBUG 45947 --- [           main] org.hibernate.SQL                        : select p1_0.id,p1_0.amount,p1_0.created_at,p1_0.error_message,p1_0.external_authorization_id,p1_0.order_id,p1_0.retry_attempts,p1_0.status,p1_0.updated_at,p1_0.version from payments p1_0 where p1_0.order_id=?
Hibernate: select p1_0.id,p1_0.amount,p1_0.created_at,p1_0.error_message,p1_0.external_authorization_id,p1_0.order_id,p1_0.retry_attempts,p1_0.status,p1_0.updated_at,p1_0.version from payments p1_0 where p1_0.order_id=?
]]></system-out>
  </testcase>
  <testcase name="orderPlacement_InsufficientStock_RollsBackTransaction" classname="com.example.legacyshop.integration.OrderIntegrationTest" time="0.034">
    <system-out><![CDATA[2025-09-05T14:20:16.874-04:00 DEBUG 45947 --- [           main] org.hibernate.SQL                        : select p1_0.id,p1_0.active,p1_0.created_at,p1_0.description,p1_0.name,p1_0.price,p1_0.sku,p1_0.stock_quantity,p1_0.updated_at,p1_0.version from products p1_0 where p1_0.sku=?
Hibernate: select p1_0.id,p1_0.active,p1_0.created_at,p1_0.description,p1_0.name,p1_0.price,p1_0.sku,p1_0.stock_quantity,p1_0.updated_at,p1_0.version from products p1_0 where p1_0.sku=?
2025-09-05T14:20:16.875-04:00 DEBUG 45947 --- [           main] org.hibernate.SQL                        : select p1_0.id from products p1_0 where p1_0.sku=? fetch first ? rows only
Hibernate: select p1_0.id from products p1_0 where p1_0.sku=? fetch first ? rows only
2025-09-05T14:20:16.875-04:00 DEBUG 45947 --- [           main] org.hibernate.SQL                        : insert into products (active,created_at,description,name,price,sku,stock_quantity,updated_at,version,id) values (?,?,?,?,?,?,?,?,?,default)
Hibernate: insert into products (active,created_at,description,name,price,sku,stock_quantity,updated_at,version,id) values (?,?,?,?,?,?,?,?,?,default)
2025-09-05T14:20:16.876-04:00 DEBUG 45947 --- [           main] org.hibernate.SQL                        : insert into audit_logs (details,entity_id,entity_type,operation,timestamp,id) values (?,?,?,?,?,default)
Hibernate: insert into audit_logs (details,entity_id,entity_type,operation,timestamp,id) values (?,?,?,?,?,default)
2025-09-05T14:20:16.879-04:00 DEBUG 45947 --- [           main] org.hibernate.SQL                        : select p1_0.id,p1_0.active,p1_0.created_at,p1_0.description,p1_0.name,p1_0.price,p1_0.sku,p1_0.stock_quantity,p1_0.updated_at,p1_0.version from products p1_0 where p1_0.id=?
Hibernate: select p1_0.id,p1_0.active,p1_0.created_at,p1_0.description,p1_0.name,p1_0.price,p1_0.sku,p1_0.stock_quantity,p1_0.updated_at,p1_0.version from products p1_0 where p1_0.id=?
2025-09-05T14:20:16.880-04:00 DEBUG 45947 --- [           main] org.hibernate.SQL                        : select p1_0.id,p1_0.active,p1_0.created_at,p1_0.description,p1_0.name,p1_0.price,p1_0.sku,p1_0.stock_quantity,p1_0.updated_at,p1_0.version from products p1_0 where p1_0.id=?
Hibernate: select p1_0.id,p1_0.active,p1_0.created_at,p1_0.description,p1_0.name,p1_0.price,p1_0.sku,p1_0.stock_quantity,p1_0.updated_at,p1_0.version from products p1_0 where p1_0.id=?
2025-09-05T14:20:16.883-04:00 DEBUG 45947 --- [           main] org.hibernate.SQL                        : update products set active=?,description=?,name=?,price=?,sku=?,stock_quantity=?,updated_at=?,version=? where id=? and version=?
Hibernate: update products set active=?,description=?,name=?,price=?,sku=?,stock_quantity=?,updated_at=?,version=? where id=? and version=?
2025-09-05T14:20:16.885-04:00 DEBUG 45947 --- [           main] org.hibernate.SQL                        : select oe1_0.id,oe1_0.created_at,oe1_0.customer_id,oe1_0.discount_amount,oe1_0.idempotency_key,oe1_0.status,oe1_0.subtotal,oe1_0.total,oe1_0.updated_at,oe1_0.version from orders oe1_0 where oe1_0.idempotency_key=?
Hibernate: select oe1_0.id,oe1_0.created_at,oe1_0.customer_id,oe1_0.discount_amount,oe1_0.idempotency_key,oe1_0.status,oe1_0.subtotal,oe1_0.total,oe1_0.updated_at,oe1_0.version from orders oe1_0 where oe1_0.idempotency_key=?
2025-09-05T14:20:16.886-04:00 DEBUG 45947 --- [           main] org.hibernate.SQL                        : select c1_0.id,c1_0.created_at,c1_0.email,c1_0.first_name,c1_0.last_name,c1_0.loyalty_points,c1_0.updated_at,c1_0.version from customers c1_0 where c1_0.email=?
Hibernate: select c1_0.id,c1_0.created_at,c1_0.email,c1_0.first_name,c1_0.last_name,c1_0.loyalty_points,c1_0.updated_at,c1_0.version from customers c1_0 where c1_0.email=?
2025-09-05T14:20:16.887-04:00 DEBUG 45947 --- [           main] org.hibernate.SQL                        : insert into customers (created_at,email,first_name,last_name,loyalty_points,updated_at,version,id) values (?,?,?,?,?,?,?,default)
Hibernate: insert into customers (created_at,email,first_name,last_name,loyalty_points,updated_at,version,id) values (?,?,?,?,?,?,?,default)
2025-09-05T14:20:16.888-04:00 DEBUG 45947 --- [           main] org.hibernate.SQL                        : select p1_0.id,p1_0.active,p1_0.created_at,p1_0.description,p1_0.name,p1_0.price,p1_0.sku,p1_0.stock_quantity,p1_0.updated_at,p1_0.version from products p1_0 where p1_0.sku=?
Hibernate: select p1_0.id,p1_0.active,p1_0.created_at,p1_0.description,p1_0.name,p1_0.price,p1_0.sku,p1_0.stock_quantity,p1_0.updated_at,p1_0.version from products p1_0 where p1_0.sku=?
2025-09-05T14:20:16.889-04:00 DEBUG 45947 --- [           main] org.hibernate.SQL                        : select c1_0.id,c1_0.created_at,c1_0.email,c1_0.first_name,c1_0.last_name,c1_0.loyalty_points,c1_0.updated_at,c1_0.version from customers c1_0 where c1_0.email=?
Hibernate: select c1_0.id,c1_0.created_at,c1_0.email,c1_0.first_name,c1_0.last_name,c1_0.loyalty_points,c1_0.updated_at,c1_0.version from customers c1_0 where c1_0.email=?
2025-09-05T14:20:16.890-04:00 DEBUG 45947 --- [           main] org.hibernate.SQL                        : select p1_0.id,p1_0.active,p1_0.created_at,p1_0.description,p1_0.name,p1_0.price,p1_0.sku,p1_0.stock_quantity,p1_0.updated_at,p1_0.version from products p1_0 where p1_0.id=?
Hibernate: select p1_0.id,p1_0.active,p1_0.created_at,p1_0.description,p1_0.name,p1_0.price,p1_0.sku,p1_0.stock_quantity,p1_0.updated_at,p1_0.version from products p1_0 where p1_0.id=?
2025-09-05T14:20:16.891-04:00 DEBUG 45947 --- [           main] org.hibernate.SQL                        : select p1_0.id,p1_0.active,p1_0.created_at,p1_0.description,p1_0.name,p1_0.price,p1_0.sku,p1_0.stock_quantity,p1_0.updated_at,p1_0.version from products p1_0 where p1_0.id=?
Hibernate: select p1_0.id,p1_0.active,p1_0.created_at,p1_0.description,p1_0.name,p1_0.price,p1_0.sku,p1_0.stock_quantity,p1_0.updated_at,p1_0.version from products p1_0 where p1_0.id=?
2025-09-05T14:20:16.892-04:00 DEBUG 45947 --- [           main] org.hibernate.SQL                        : delete from products where id=? and version=?
Hibernate: delete from products where id=? and version=?
]]></system-out>
  </testcase>
  <testcase name="orderCancellation_RestoresStock_Success" classname="com.example.legacyshop.integration.OrderIntegrationTest" time="0.012">
    <system-out><![CDATA[2025-09-05T14:20:16.896-04:00 DEBUG 45947 --- [           main] org.hibernate.SQL                        : select p1_0.id,p1_0.active,p1_0.created_at,p1_0.description,p1_0.name,p1_0.price,p1_0.sku,p1_0.stock_quantity,p1_0.updated_at,p1_0.version from products p1_0 where p1_0.sku=?
Hibernate: select p1_0.id,p1_0.active,p1_0.created_at,p1_0.description,p1_0.name,p1_0.price,p1_0.sku,p1_0.stock_quantity,p1_0.updated_at,p1_0.version from products p1_0 where p1_0.sku=?
2025-09-05T14:20:16.896-04:00 DEBUG 45947 --- [           main] org.hibernate.SQL                        : select p1_0.id from products p1_0 where p1_0.sku=? fetch first ? rows only
Hibernate: select p1_0.id from products p1_0 where p1_0.sku=? fetch first ? rows only
2025-09-05T14:20:16.897-04:00 DEBUG 45947 --- [           main] org.hibernate.SQL                        : insert into products (active,created_at,description,name,price,sku,stock_quantity,updated_at,version,id) values (?,?,?,?,?,?,?,?,?,default)
Hibernate: insert into products (active,created_at,description,name,price,sku,stock_quantity,updated_at,version,id) values (?,?,?,?,?,?,?,?,?,default)
2025-09-05T14:20:16.898-04:00 DEBUG 45947 --- [           main] org.hibernate.SQL                        : insert into audit_logs (details,entity_id,entity_type,operation,timestamp,id) values (?,?,?,?,?,default)
Hibernate: insert into audit_logs (details,entity_id,entity_type,operation,timestamp,id) values (?,?,?,?,?,default)
2025-09-05T14:20:16.899-04:00 DEBUG 45947 --- [           main] org.hibernate.SQL                        : select oe1_0.id,oe1_0.created_at,oe1_0.customer_id,oe1_0.discount_amount,oe1_0.idempotency_key,oe1_0.status,oe1_0.subtotal,oe1_0.total,oe1_0.updated_at,oe1_0.version from orders oe1_0 where oe1_0.idempotency_key=?
Hibernate: select oe1_0.id,oe1_0.created_at,oe1_0.customer_id,oe1_0.discount_amount,oe1_0.idempotency_key,oe1_0.status,oe1_0.subtotal,oe1_0.total,oe1_0.updated_at,oe1_0.version from orders oe1_0 where oe1_0.idempotency_key=?
2025-09-05T14:20:16.900-04:00 DEBUG 45947 --- [           main] org.hibernate.SQL                        : select c1_0.id,c1_0.created_at,c1_0.email,c1_0.first_name,c1_0.last_name,c1_0.loyalty_points,c1_0.updated_at,c1_0.version from customers c1_0 where c1_0.email=?
Hibernate: select c1_0.id,c1_0.created_at,c1_0.email,c1_0.first_name,c1_0.last_name,c1_0.loyalty_points,c1_0.updated_at,c1_0.version from customers c1_0 where c1_0.email=?
2025-09-05T14:20:16.900-04:00 DEBUG 45947 --- [           main] org.hibernate.SQL                        : insert into customers (created_at,email,first_name,last_name,loyalty_points,updated_at,version,id) values (?,?,?,?,?,?,?,default)
Hibernate: insert into customers (created_at,email,first_name,last_name,loyalty_points,updated_at,version,id) values (?,?,?,?,?,?,?,default)
2025-09-05T14:20:16.901-04:00 DEBUG 45947 --- [           main] org.hibernate.SQL                        : select p1_0.id,p1_0.active,p1_0.created_at,p1_0.description,p1_0.name,p1_0.price,p1_0.sku,p1_0.stock_quantity,p1_0.updated_at,p1_0.version from products p1_0 where p1_0.sku=?
Hibernate: select p1_0.id,p1_0.active,p1_0.created_at,p1_0.description,p1_0.name,p1_0.price,p1_0.sku,p1_0.stock_quantity,p1_0.updated_at,p1_0.version from products p1_0 where p1_0.sku=?
2025-09-05T14:20:16.901-04:00 DEBUG 45947 --- [           main] org.hibernate.SQL                        : insert into orders (created_at,customer_id,discount_amount,idempotency_key,status,subtotal,total,updated_at,version,id) values (?,?,?,?,?,?,?,?,?,default)
Hibernate: insert into orders (created_at,customer_id,discount_amount,idempotency_key,status,subtotal,total,updated_at,version,id) values (?,?,?,?,?,?,?,?,?,default)
2025-09-05T14:20:16.902-04:00 DEBUG 45947 --- [           main] org.hibernate.SQL                        : insert into order_items (created_at,order_id,product_id,product_name,product_sku,quantity,subtotal,unit_price,version,id) values (?,?,?,?,?,?,?,?,?,default)
Hibernate: insert into order_items (created_at,order_id,product_id,product_name,product_sku,quantity,subtotal,unit_price,version,id) values (?,?,?,?,?,?,?,?,?,default)
2025-09-05T14:20:16.903-04:00 DEBUG 45947 --- [           main] org.hibernate.SQL                        : insert into idempotency_records (created_at,idempotency_key,operation_type,result_data,result_entity_id,id) values (?,?,?,?,?,default)
Hibernate: insert into idempotency_records (created_at,idempotency_key,operation_type,result_data,result_entity_id,id) values (?,?,?,?,?,default)
2025-09-05T14:20:16.903-04:00 DEBUG 45947 --- [           main] org.hibernate.SQL                        : insert into audit_logs (details,entity_id,entity_type,operation,timestamp,id) values (?,?,?,?,?,default)
Hibernate: insert into audit_logs (details,entity_id,entity_type,operation,timestamp,id) values (?,?,?,?,?,default)
2025-09-05T14:20:16.904-04:00 DEBUG 45947 --- [           main] org.hibernate.SQL                        : insert into audit_logs (details,entity_id,entity_type,operation,timestamp,id) values (?,?,?,?,?,default)
Hibernate: insert into audit_logs (details,entity_id,entity_type,operation,timestamp,id) values (?,?,?,?,?,default)
]]></system-out>
  </testcase>
  <testcase name="orderPlacementPipeline_FullFlow_Success" classname="com.example.legacyshop.integration.OrderIntegrationTest" time="0.011">
    <system-out><![CDATA[2025-09-05T14:20:16.908-04:00 DEBUG 45947 --- [           main] org.hibernate.SQL                        : select p1_0.id,p1_0.active,p1_0.created_at,p1_0.description,p1_0.name,p1_0.price,p1_0.sku,p1_0.stock_quantity,p1_0.updated_at,p1_0.version from products p1_0 where p1_0.sku=?
Hibernate: select p1_0.id,p1_0.active,p1_0.created_at,p1_0.description,p1_0.name,p1_0.price,p1_0.sku,p1_0.stock_quantity,p1_0.updated_at,p1_0.version from products p1_0 where p1_0.sku=?
2025-09-05T14:20:16.909-04:00 DEBUG 45947 --- [           main] org.hibernate.SQL                        : select p1_0.id from products p1_0 where p1_0.sku=? fetch first ? rows only
Hibernate: select p1_0.id from products p1_0 where p1_0.sku=? fetch first ? rows only
2025-09-05T14:20:16.909-04:00 DEBUG 45947 --- [           main] org.hibernate.SQL                        : insert into products (active,created_at,description,name,price,sku,stock_quantity,updated_at,version,id) values (?,?,?,?,?,?,?,?,?,default)
Hibernate: insert into products (active,created_at,description,name,price,sku,stock_quantity,updated_at,version,id) values (?,?,?,?,?,?,?,?,?,default)
2025-09-05T14:20:16.910-04:00 DEBUG 45947 --- [           main] org.hibernate.SQL                        : insert into audit_logs (details,entity_id,entity_type,operation,timestamp,id) values (?,?,?,?,?,default)
Hibernate: insert into audit_logs (details,entity_id,entity_type,operation,timestamp,id) values (?,?,?,?,?,default)
2025-09-05T14:20:16.911-04:00 DEBUG 45947 --- [           main] org.hibernate.SQL                        : select oe1_0.id,oe1_0.created_at,oe1_0.customer_id,oe1_0.discount_amount,oe1_0.idempotency_key,oe1_0.status,oe1_0.subtotal,oe1_0.total,oe1_0.updated_at,oe1_0.version from orders oe1_0 where oe1_0.idempotency_key=?
Hibernate: select oe1_0.id,oe1_0.created_at,oe1_0.customer_id,oe1_0.discount_amount,oe1_0.idempotency_key,oe1_0.status,oe1_0.subtotal,oe1_0.total,oe1_0.updated_at,oe1_0.version from orders oe1_0 where oe1_0.idempotency_key=?
2025-09-05T14:20:16.912-04:00 DEBUG 45947 --- [           main] org.hibernate.SQL                        : select c1_0.id,c1_0.created_at,c1_0.email,c1_0.first_name,c1_0.last_name,c1_0.loyalty_points,c1_0.updated_at,c1_0.version from customers c1_0 where c1_0.email=?
Hibernate: select c1_0.id,c1_0.created_at,c1_0.email,c1_0.first_name,c1_0.last_name,c1_0.loyalty_points,c1_0.updated_at,c1_0.version from customers c1_0 where c1_0.email=?
2025-09-05T14:20:16.912-04:00 DEBUG 45947 --- [           main] org.hibernate.SQL                        : insert into customers (created_at,email,first_name,last_name,loyalty_points,updated_at,version,id) values (?,?,?,?,?,?,?,default)
Hibernate: insert into customers (created_at,email,first_name,last_name,loyalty_points,updated_at,version,id) values (?,?,?,?,?,?,?,default)
2025-09-05T14:20:16.913-04:00 DEBUG 45947 --- [           main] org.hibernate.SQL                        : select p1_0.id,p1_0.active,p1_0.created_at,p1_0.description,p1_0.name,p1_0.price,p1_0.sku,p1_0.stock_quantity,p1_0.updated_at,p1_0.version from products p1_0 where p1_0.sku=?
Hibernate: select p1_0.id,p1_0.active,p1_0.created_at,p1_0.description,p1_0.name,p1_0.price,p1_0.sku,p1_0.stock_quantity,p1_0.updated_at,p1_0.version from products p1_0 where p1_0.sku=?
2025-09-05T14:20:16.913-04:00 DEBUG 45947 --- [           main] org.hibernate.SQL                        : insert into orders (created_at,customer_id,discount_amount,idempotency_key,status,subtotal,total,updated_at,version,id) values (?,?,?,?,?,?,?,?,?,default)
Hibernate: insert into orders (created_at,customer_id,discount_amount,idempotency_key,status,subtotal,total,updated_at,version,id) values (?,?,?,?,?,?,?,?,?,default)
2025-09-05T14:20:16.914-04:00 DEBUG 45947 --- [           main] org.hibernate.SQL                        : insert into order_items (created_at,order_id,product_id,product_name,product_sku,quantity,subtotal,unit_price,version,id) values (?,?,?,?,?,?,?,?,?,default)
Hibernate: insert into order_items (created_at,order_id,product_id,product_name,product_sku,quantity,subtotal,unit_price,version,id) values (?,?,?,?,?,?,?,?,?,default)
2025-09-05T14:20:16.915-04:00 DEBUG 45947 --- [           main] org.hibernate.SQL                        : insert into idempotency_records (created_at,idempotency_key,operation_type,result_data,result_entity_id,id) values (?,?,?,?,?,default)
Hibernate: insert into idempotency_records (created_at,idempotency_key,operation_type,result_data,result_entity_id,id) values (?,?,?,?,?,default)
2025-09-05T14:20:16.915-04:00 DEBUG 45947 --- [           main] org.hibernate.SQL                        : insert into audit_logs (details,entity_id,entity_type,operation,timestamp,id) values (?,?,?,?,?,default)
Hibernate: insert into audit_logs (details,entity_id,entity_type,operation,timestamp,id) values (?,?,?,?,?,default)
2025-09-05T14:20:16.916-04:00 DEBUG 45947 --- [           main] org.hibernate.SQL                        : select c1_0.id,c1_0.created_at,c1_0.email,c1_0.first_name,c1_0.last_name,c1_0.loyalty_points,c1_0.updated_at,c1_0.version from customers c1_0 where c1_0.email=?
Hibernate: select c1_0.id,c1_0.created_at,c1_0.email,c1_0.first_name,c1_0.last_name,c1_0.loyalty_points,c1_0.updated_at,c1_0.version from customers c1_0 where c1_0.email=?
]]></system-out>
  </testcase>
</testsuite>